[debug] [2025-01-01T18:30:12.202Z] ----------------------------------------------------------------------
[debug] [2025-01-01T18:30:12.209Z] Command:       /usr/local/bin/node /Users/matteobuxman/.npm-global/bin/firebase emulators:start
[debug] [2025-01-01T18:30:12.210Z] CLI Version:   13.29.1
[debug] [2025-01-01T18:30:12.210Z] Platform:      darwin
[debug] [2025-01-01T18:30:12.210Z] Node Version:  v20.10.0
[debug] [2025-01-01T18:30:12.210Z] Time:          Wed Jan 01 2025 20:30:12 GMT+0200 (South Africa Standard Time)
[debug] [2025-01-01T18:30:12.210Z] ----------------------------------------------------------------------
[debug] 
[debug] [2025-01-01T18:30:12.295Z] > command requires scopes: ["email","openid","https://www.googleapis.com/auth/cloudplatformprojects.readonly","https://www.googleapis.com/auth/firebase","https://www.googleapis.com/auth/cloud-platform"]
[debug] [2025-01-01T18:30:12.295Z] > authorizing via signed-in user (buxmanm9@gmail.com)
[debug] [2025-01-01T18:30:12.677Z] java version "18.0.1" 2022-04-19

[debug] [2025-01-01T18:30:12.677Z] Java(TM) SE Runtime Environment (build 18.0.1+10-24)
Java HotSpot(TM) 64-Bit Server VM (build 18.0.1+10-24, mixed mode, sharing)

[debug] [2025-01-01T18:30:12.680Z] Parsed Java major version: 18
[info] i  emulators: Starting emulators: auth, functions, firestore, extensions {"metadata":{"emulator":{"name":"hub"},"message":"Starting emulators: auth, functions, firestore, extensions"}}
[debug] [2025-01-01T18:30:12.682Z] Checked if tokens are valid: true, expires at: 1735759344226
[debug] [2025-01-01T18:30:12.682Z] Checked if tokens are valid: true, expires at: 1735759344226
[debug] [2025-01-01T18:30:12.682Z] >>> [apiv2][query] GET https://cloudresourcemanager.googleapis.com/v1/projects/onemoremeal-7b0a9 [none]
[debug] [2025-01-01T18:30:14.642Z] <<< [apiv2][status] GET https://cloudresourcemanager.googleapis.com/v1/projects/onemoremeal-7b0a9 200
[debug] [2025-01-01T18:30:14.642Z] <<< [apiv2][body] GET https://cloudresourcemanager.googleapis.com/v1/projects/onemoremeal-7b0a9 {"projectNumber":"25877076900","projectId":"onemoremeal-7b0a9","lifecycleState":"ACTIVE","name":"OneMoreMeal","labels":{"firebase":"enabled","firebase-core":"disabled"},"createTime":"2025-01-01T12:09:47.760027Z"}
[debug] [2025-01-01T18:30:15.500Z] [logging] Logging Emulator only supports listening on one address (127.0.0.1). Not listening on ::1
[debug] [2025-01-01T18:30:15.500Z] [auth] Authentication Emulator only supports listening on one address (127.0.0.1). Not listening on ::1
[debug] [2025-01-01T18:30:15.500Z] [firestore] Firestore Emulator only supports listening on one address (127.0.0.1). Not listening on ::1
[debug] [2025-01-01T18:30:15.500Z] [firestore.websocket] websocket server for firestore only supports listening on one address (127.0.0.1). Not listening on ::1
[debug] [2025-01-01T18:30:15.500Z] assigned listening specs for emulators {"user":{"hub":[{"address":"127.0.0.1","family":"IPv4","port":4400},{"address":"::1","family":"IPv6","port":4400}],"ui":[{"address":"127.0.0.1","family":"IPv4","port":4000},{"address":"::1","family":"IPv6","port":4000}],"logging":[{"address":"127.0.0.1","family":"IPv4","port":4500}],"auth":[{"address":"127.0.0.1","family":"IPv4","port":9099}],"firestore":[{"address":"127.0.0.1","family":"IPv4","port":8080}],"firestore.websocket":[{"address":"127.0.0.1","family":"IPv4","port":9150}]},"metadata":{"message":"assigned listening specs for emulators"}}
[debug] [2025-01-01T18:30:15.504Z] [hub] writing locator at /var/folders/x0/qrp3r5317y18246dwl6ly7b40000gn/T/hub-onemoremeal-7b0a9.json
[debug] [2025-01-01T18:30:15.506Z] [Extensions] Started Extensions emulator, this is a noop.
[debug] [2025-01-01T18:30:15.924Z] [functions] Functions Emulator only supports listening on one address (127.0.0.1). Not listening on ::1
[debug] [2025-01-01T18:30:15.925Z] [eventarc] Eventarc Emulator only supports listening on one address (127.0.0.1). Not listening on ::1
[debug] [2025-01-01T18:30:15.925Z] [tasks] Cloud Tasks Emulator only supports listening on one address (127.0.0.1). Not listening on ::1
[debug] [2025-01-01T18:30:15.925Z] late-assigned ports for functions and eventarc emulators {"user":{"hub":[{"address":"127.0.0.1","family":"IPv4","port":4400},{"address":"::1","family":"IPv6","port":4400}],"ui":[{"address":"127.0.0.1","family":"IPv4","port":4000},{"address":"::1","family":"IPv6","port":4000}],"logging":[{"address":"127.0.0.1","family":"IPv4","port":4500}],"auth":[{"address":"127.0.0.1","family":"IPv4","port":9099}],"firestore":[{"address":"127.0.0.1","family":"IPv4","port":8080}],"firestore.websocket":[{"address":"127.0.0.1","family":"IPv4","port":9150}],"functions":[{"address":"127.0.0.1","family":"IPv4","port":5001}],"eventarc":[{"address":"127.0.0.1","family":"IPv4","port":9299}],"tasks":[{"address":"127.0.0.1","family":"IPv4","port":9499}]},"metadata":{"message":"late-assigned ports for functions and eventarc emulators"}}
[warn] ⚠  functions: The following emulators are not running, calls to these services from the Functions emulator will affect production: apphosting, database, hosting, pubsub, storage, dataconnect {"metadata":{"emulator":{"name":"functions"},"message":"The following emulators are not running, calls to these services from the Functions emulator will affect production: \u001b[1mapphosting, database, hosting, pubsub, storage, dataconnect\u001b[22m"}}
[debug] [2025-01-01T18:30:15.927Z] defaultcredentials: writing to file /Users/matteobuxman/.config/firebase/buxmanm9_gmail_com_application_default_credentials.json
[debug] [2025-01-01T18:30:15.928Z] Setting GAC to /Users/matteobuxman/.config/firebase/buxmanm9_gmail_com_application_default_credentials.json {"metadata":{"emulator":{"name":"functions"},"message":"Setting GAC to /Users/matteobuxman/.config/firebase/buxmanm9_gmail_com_application_default_credentials.json"}}
[debug] [2025-01-01T18:30:15.928Z] Checked if tokens are valid: true, expires at: 1735759344226
[debug] [2025-01-01T18:30:15.928Z] Checked if tokens are valid: true, expires at: 1735759344226
[debug] [2025-01-01T18:30:15.928Z] >>> [apiv2][query] GET https://firebase.googleapis.com/v1beta1/projects/onemoremeal-7b0a9/adminSdkConfig [none]
[debug] [2025-01-01T18:30:16.676Z] <<< [apiv2][status] GET https://firebase.googleapis.com/v1beta1/projects/onemoremeal-7b0a9/adminSdkConfig 200
[debug] [2025-01-01T18:30:16.676Z] <<< [apiv2][body] GET https://firebase.googleapis.com/v1beta1/projects/onemoremeal-7b0a9/adminSdkConfig {"projectId":"onemoremeal-7b0a9","storageBucket":"onemoremeal-7b0a9.firebasestorage.app"}
[debug] [2025-01-01T18:30:16.705Z] Ignoring unsupported arg: auto_download {"metadata":{"emulator":{"name":"firestore"},"message":"Ignoring unsupported arg: auto_download"}}
[debug] [2025-01-01T18:30:16.705Z] Ignoring unsupported arg: single_project_mode_error {"metadata":{"emulator":{"name":"firestore"},"message":"Ignoring unsupported arg: single_project_mode_error"}}
[debug] [2025-01-01T18:30:16.705Z] Starting Firestore Emulator with command {"binary":"java","args":["-Dgoogle.cloud_firestore.debug_log_level=FINE","-Duser.language=en","-jar","/Users/matteobuxman/.cache/firebase/emulators/cloud-firestore-emulator-v1.19.8.jar","--host","127.0.0.1","--port",8080,"--websocket_port",9150,"--project_id","onemoremeal-7b0a9","--rules","/Users/matteobuxman/Desktop/Code/one_more_meal/firestore.rules","--single_project_mode",true,"--functions_emulator","127.0.0.1:5001"],"optionalArgs":["port","webchannel_port","host","rules","websocket_port","functions_emulator","seed_from_export","project_id","single_project_mode"],"joinArgs":false,"shell":false,"port":8080} {"metadata":{"emulator":{"name":"firestore"},"message":"Starting Firestore Emulator with command {\"binary\":\"java\",\"args\":[\"-Dgoogle.cloud_firestore.debug_log_level=FINE\",\"-Duser.language=en\",\"-jar\",\"/Users/matteobuxman/.cache/firebase/emulators/cloud-firestore-emulator-v1.19.8.jar\",\"--host\",\"127.0.0.1\",\"--port\",8080,\"--websocket_port\",9150,\"--project_id\",\"onemoremeal-7b0a9\",\"--rules\",\"/Users/matteobuxman/Desktop/Code/one_more_meal/firestore.rules\",\"--single_project_mode\",true,\"--functions_emulator\",\"127.0.0.1:5001\"],\"optionalArgs\":[\"port\",\"webchannel_port\",\"host\",\"rules\",\"websocket_port\",\"functions_emulator\",\"seed_from_export\",\"project_id\",\"single_project_mode\"],\"joinArgs\":false,\"shell\":false,\"port\":8080}"}}
[info] i  firestore: Firestore Emulator logging to firestore-debug.log {"metadata":{"emulator":{"name":"firestore"},"message":"Firestore Emulator logging to \u001b[1mfirestore-debug.log\u001b[22m"}}
[debug] [2025-01-01T18:30:17.502Z] Jan 01, 2025 8:30:17 PM com.google.cloud.datastore.emulator.firestore.websocket.WebSocketServer start
INFO: Started WebSocket server on ws://127.0.0.1:9150
 {"metadata":{"emulator":{"name":"firestore"},"message":"Jan 01, 2025 8:30:17 PM com.google.cloud.datastore.emulator.firestore.websocket.WebSocketServer start\nINFO: Started WebSocket server on ws://127.0.0.1:9150\n"}}
[debug] [2025-01-01T18:30:17.517Z] API endpoint: http:// {"metadata":{"emulator":{"name":"firestore"},"message":"API endpoint: http://"}}
[debug] [2025-01-01T18:30:17.517Z] 127.0.0.1:8080
If you are using a library that supports the FIRESTORE_EMULATOR_HOST environment variable, run:

   export FIRESTORE_EMULATOR_HOST=127.0.0.1:8080

If you are running a Firestore in Datastore Mode project, run:

   export DATASTORE_EMULATOR_HOST=127.0.0.1:8080

Note: Support for Datastore Mode is in preview. If you encounter any bugs please file at https://github.com/firebase/firebase-tools/issues.
Dev App Server is now running.

 {"metadata":{"emulator":{"name":"firestore"},"message":"127.0.0.1:8080\nIf you are using a library that supports the FIRESTORE_EMULATOR_HOST environment variable, run:\n\n   export FIRESTORE_EMULATOR_HOST=127.0.0.1:8080\n\nIf you are running a Firestore in Datastore Mode project, run:\n\n   export DATASTORE_EMULATOR_HOST=127.0.0.1:8080\n\nNote: Support for Datastore Mode is in preview. If you encounter any bugs please file at https://github.com/firebase/firebase-tools/issues.\nDev App Server is now running.\n\n"}}
[info] ✔  firestore: Firestore Emulator UI websocket is running on 9150. {"metadata":{"emulator":{"name":"firestore"},"message":"Firestore Emulator UI websocket is running on 9150."}}
[info] i  ui: downloading ui-v1.14.0.zip... {"metadata":{"emulator":{"name":"ui"},"message":"downloading ui-v1.14.0.zip..."}}
[debug] [2025-01-01T18:30:20.899Z] >>> [apiv2][query] GET https://storage.googleapis.com/firebase-preview-drop/emulator/ui-v1.14.0.zip 
[debug] [2025-01-01T18:30:21.787Z] <<< [apiv2][status] GET https://storage.googleapis.com/firebase-preview-drop/emulator/ui-v1.14.0.zip 200
[debug] [2025-01-01T18:30:21.787Z] <<< [apiv2][body] GET https://storage.googleapis.com/firebase-preview-drop/emulator/ui-v1.14.0.zip [stream]
[debug] [2025-01-01T18:30:24.470Z] Data is 3615311
[debug] [2025-01-01T18:30:24.470Z] [unzip] Entry: client/ (compressed_size=0 bytes, uncompressed_size=0 bytes)
[debug] [2025-01-01T18:30:24.470Z] [unzip] Processing entry: client/
[debug] [2025-01-01T18:30:24.470Z] [unzip] mkdir: /Users/matteobuxman/.cache/firebase/emulators/ui-v1.14.0/client/
[debug] [2025-01-01T18:30:24.471Z] [unzip] Entry: client/favicon-16x16.png (compressed_size=293 bytes, uncompressed_size=293 bytes)
[debug] [2025-01-01T18:30:24.471Z] [unzip] Processing entry: client/favicon-16x16.png
[debug] [2025-01-01T18:30:24.471Z] [unzip] else mkdir: /Users/matteobuxman/.cache/firebase/emulators/ui-v1.14.0/client
[debug] [2025-01-01T18:30:24.471Z] [unzip] Writing file: /Users/matteobuxman/.cache/firebase/emulators/ui-v1.14.0/client/favicon-16x16.png
[debug] [2025-01-01T18:30:24.472Z] [unzip] Entry: client/safari-pinned-tab.svg (compressed_size=1433 bytes, uncompressed_size=2611 bytes)
[debug] [2025-01-01T18:30:24.472Z] [unzip] Processing entry: client/safari-pinned-tab.svg
[debug] [2025-01-01T18:30:24.472Z] [unzip] else mkdir: /Users/matteobuxman/.cache/firebase/emulators/ui-v1.14.0/client
[debug] [2025-01-01T18:30:24.472Z] [unzip] deflating: /Users/matteobuxman/.cache/firebase/emulators/ui-v1.14.0/client/safari-pinned-tab.svg
[debug] [2025-01-01T18:30:24.474Z] [unzip] Entry: client/favicon.ico (compressed_size=2933 bytes, uncompressed_size=13294 bytes)
[debug] [2025-01-01T18:30:24.474Z] [unzip] Processing entry: client/favicon.ico
[debug] [2025-01-01T18:30:24.474Z] [unzip] else mkdir: /Users/matteobuxman/.cache/firebase/emulators/ui-v1.14.0/client
[debug] [2025-01-01T18:30:24.474Z] [unzip] deflating: /Users/matteobuxman/.cache/firebase/emulators/ui-v1.14.0/client/favicon.ico
[debug] [2025-01-01T18:30:24.475Z] [unzip] Entry: client/index.html (compressed_size=1363 bytes, uncompressed_size=3071 bytes)
[debug] [2025-01-01T18:30:24.475Z] [unzip] Processing entry: client/index.html
[debug] [2025-01-01T18:30:24.475Z] [unzip] else mkdir: /Users/matteobuxman/.cache/firebase/emulators/ui-v1.14.0/client
[debug] [2025-01-01T18:30:24.475Z] [unzip] deflating: /Users/matteobuxman/.cache/firebase/emulators/ui-v1.14.0/client/index.html
[debug] [2025-01-01T18:30:24.476Z] [unzip] Entry: client/android-chrome-192x192.png (compressed_size=2684 bytes, uncompressed_size=2684 bytes)
[debug] [2025-01-01T18:30:24.476Z] [unzip] Processing entry: client/android-chrome-192x192.png
[debug] [2025-01-01T18:30:24.476Z] [unzip] else mkdir: /Users/matteobuxman/.cache/firebase/emulators/ui-v1.14.0/client
[debug] [2025-01-01T18:30:24.476Z] [unzip] Writing file: /Users/matteobuxman/.cache/firebase/emulators/ui-v1.14.0/client/android-chrome-192x192.png
[debug] [2025-01-01T18:30:24.476Z] [unzip] Entry: client/apple-touch-icon.png (compressed_size=2123 bytes, uncompressed_size=2152 bytes)
[debug] [2025-01-01T18:30:24.476Z] [unzip] Processing entry: client/apple-touch-icon.png
[debug] [2025-01-01T18:30:24.476Z] [unzip] else mkdir: /Users/matteobuxman/.cache/firebase/emulators/ui-v1.14.0/client
[debug] [2025-01-01T18:30:24.476Z] [unzip] deflating: /Users/matteobuxman/.cache/firebase/emulators/ui-v1.14.0/client/apple-touch-icon.png
[debug] [2025-01-01T18:30:24.477Z] [unzip] Entry: client/android-chrome-512x512.png (compressed_size=5369 bytes, uncompressed_size=5411 bytes)
[debug] [2025-01-01T18:30:24.477Z] [unzip] Processing entry: client/android-chrome-512x512.png
[debug] [2025-01-01T18:30:24.477Z] [unzip] else mkdir: /Users/matteobuxman/.cache/firebase/emulators/ui-v1.14.0/client
[debug] [2025-01-01T18:30:24.477Z] [unzip] deflating: /Users/matteobuxman/.cache/firebase/emulators/ui-v1.14.0/client/android-chrome-512x512.png
[debug] [2025-01-01T18:30:24.477Z] [unzip] Entry: client/manifest.json (compressed_size=245 bytes, uncompressed_size=551 bytes)
[debug] [2025-01-01T18:30:24.477Z] [unzip] Processing entry: client/manifest.json
[debug] [2025-01-01T18:30:24.477Z] [unzip] else mkdir: /Users/matteobuxman/.cache/firebase/emulators/ui-v1.14.0/client
[debug] [2025-01-01T18:30:24.477Z] [unzip] deflating: /Users/matteobuxman/.cache/firebase/emulators/ui-v1.14.0/client/manifest.json
[debug] [2025-01-01T18:30:24.478Z] [unzip] Entry: client/robots.txt (compressed_size=26 bytes, uncompressed_size=26 bytes)
[debug] [2025-01-01T18:30:24.478Z] [unzip] Processing entry: client/robots.txt
[debug] [2025-01-01T18:30:24.478Z] [unzip] else mkdir: /Users/matteobuxman/.cache/firebase/emulators/ui-v1.14.0/client
[debug] [2025-01-01T18:30:24.478Z] [unzip] Writing file: /Users/matteobuxman/.cache/firebase/emulators/ui-v1.14.0/client/robots.txt
[debug] [2025-01-01T18:30:24.478Z] [unzip] Entry: client/mstile-150x150.png (compressed_size=2034 bytes, uncompressed_size=2034 bytes)
[debug] [2025-01-01T18:30:24.478Z] [unzip] Processing entry: client/mstile-150x150.png
[debug] [2025-01-01T18:30:24.478Z] [unzip] else mkdir: /Users/matteobuxman/.cache/firebase/emulators/ui-v1.14.0/client
[debug] [2025-01-01T18:30:24.478Z] [unzip] Writing file: /Users/matteobuxman/.cache/firebase/emulators/ui-v1.14.0/client/mstile-150x150.png
[debug] [2025-01-01T18:30:24.478Z] [unzip] Entry: client/assets/ (compressed_size=0 bytes, uncompressed_size=0 bytes)
[debug] [2025-01-01T18:30:24.478Z] [unzip] Processing entry: client/assets/
[debug] [2025-01-01T18:30:24.478Z] [unzip] mkdir: /Users/matteobuxman/.cache/firebase/emulators/ui-v1.14.0/client/assets/
[debug] [2025-01-01T18:30:24.478Z] [unzip] Entry: client/assets/index-ClZTY_JS.js.map (compressed_size=2328270 bytes, uncompressed_size=9947004 bytes)
[debug] [2025-01-01T18:30:24.479Z] [unzip] Processing entry: client/assets/index-ClZTY_JS.js.map
[debug] [2025-01-01T18:30:24.479Z] [unzip] else mkdir: /Users/matteobuxman/.cache/firebase/emulators/ui-v1.14.0/client/assets
[debug] [2025-01-01T18:30:24.479Z] [unzip] deflating: /Users/matteobuxman/.cache/firebase/emulators/ui-v1.14.0/client/assets/index-ClZTY_JS.js.map
[debug] [2025-01-01T18:30:24.508Z] [unzip] Entry: client/assets/index-ClZTY_JS.js (compressed_size=567195 bytes, uncompressed_size=2035940 bytes)
[debug] [2025-01-01T18:30:24.508Z] [unzip] Processing entry: client/assets/index-ClZTY_JS.js
[debug] [2025-01-01T18:30:24.508Z] [unzip] else mkdir: /Users/matteobuxman/.cache/firebase/emulators/ui-v1.14.0/client/assets
[debug] [2025-01-01T18:30:24.508Z] [unzip] deflating: /Users/matteobuxman/.cache/firebase/emulators/ui-v1.14.0/client/assets/index-ClZTY_JS.js
[debug] [2025-01-01T18:30:24.515Z] [unzip] Entry: client/assets/index-BdgySamB.css (compressed_size=35979 bytes, uncompressed_size=298654 bytes)
[debug] [2025-01-01T18:30:24.515Z] [unzip] Processing entry: client/assets/index-BdgySamB.css
[debug] [2025-01-01T18:30:24.515Z] [unzip] else mkdir: /Users/matteobuxman/.cache/firebase/emulators/ui-v1.14.0/client/assets
[debug] [2025-01-01T18:30:24.515Z] [unzip] deflating: /Users/matteobuxman/.cache/firebase/emulators/ui-v1.14.0/client/assets/index-BdgySamB.css
[debug] [2025-01-01T18:30:24.516Z] [unzip] Entry: client/assets/extensions/ (compressed_size=0 bytes, uncompressed_size=0 bytes)
[debug] [2025-01-01T18:30:24.516Z] [unzip] Processing entry: client/assets/extensions/
[debug] [2025-01-01T18:30:24.516Z] [unzip] mkdir: /Users/matteobuxman/.cache/firebase/emulators/ui-v1.14.0/client/assets/extensions/
[debug] [2025-01-01T18:30:24.516Z] [unzip] Entry: client/assets/extensions/default-extension.png (compressed_size=1646 bytes, uncompressed_size=1657 bytes)
[debug] [2025-01-01T18:30:24.516Z] [unzip] Processing entry: client/assets/extensions/default-extension.png
[debug] [2025-01-01T18:30:24.516Z] [unzip] else mkdir: /Users/matteobuxman/.cache/firebase/emulators/ui-v1.14.0/client/assets/extensions
[debug] [2025-01-01T18:30:24.516Z] [unzip] deflating: /Users/matteobuxman/.cache/firebase/emulators/ui-v1.14.0/client/assets/extensions/default-extension.png
[debug] [2025-01-01T18:30:24.518Z] [unzip] Entry: client/assets/img/ (compressed_size=0 bytes, uncompressed_size=0 bytes)
[debug] [2025-01-01T18:30:24.518Z] [unzip] Processing entry: client/assets/img/
[debug] [2025-01-01T18:30:24.518Z] [unzip] mkdir: /Users/matteobuxman/.cache/firebase/emulators/ui-v1.14.0/client/assets/img/
[debug] [2025-01-01T18:30:24.518Z] [unzip] Entry: client/assets/img/database.png (compressed_size=29449 bytes, uncompressed_size=29988 bytes)
[debug] [2025-01-01T18:30:24.518Z] [unzip] Processing entry: client/assets/img/database.png
[debug] [2025-01-01T18:30:24.518Z] [unzip] else mkdir: /Users/matteobuxman/.cache/firebase/emulators/ui-v1.14.0/client/assets/img
[debug] [2025-01-01T18:30:24.518Z] [unzip] deflating: /Users/matteobuxman/.cache/firebase/emulators/ui-v1.14.0/client/assets/img/database.png
[debug] [2025-01-01T18:30:24.519Z] [unzip] Entry: client/assets/provider-icons/ (compressed_size=0 bytes, uncompressed_size=0 bytes)
[debug] [2025-01-01T18:30:24.519Z] [unzip] Processing entry: client/assets/provider-icons/
[debug] [2025-01-01T18:30:24.519Z] [unzip] mkdir: /Users/matteobuxman/.cache/firebase/emulators/ui-v1.14.0/client/assets/provider-icons/
[debug] [2025-01-01T18:30:24.519Z] [unzip] Entry: client/assets/provider-icons/auth_service_saml.svg (compressed_size=575 bytes, uncompressed_size=1226 bytes)
[debug] [2025-01-01T18:30:24.519Z] [unzip] Processing entry: client/assets/provider-icons/auth_service_saml.svg
[debug] [2025-01-01T18:30:24.519Z] [unzip] else mkdir: /Users/matteobuxman/.cache/firebase/emulators/ui-v1.14.0/client/assets/provider-icons
[debug] [2025-01-01T18:30:24.519Z] [unzip] deflating: /Users/matteobuxman/.cache/firebase/emulators/ui-v1.14.0/client/assets/provider-icons/auth_service_saml.svg
[debug] [2025-01-01T18:30:24.519Z] [unzip] Entry: client/assets/provider-icons/auth_service_phone.svg (compressed_size=261 bytes, uncompressed_size=414 bytes)
[debug] [2025-01-01T18:30:24.519Z] [unzip] Processing entry: client/assets/provider-icons/auth_service_phone.svg
[debug] [2025-01-01T18:30:24.519Z] [unzip] else mkdir: /Users/matteobuxman/.cache/firebase/emulators/ui-v1.14.0/client/assets/provider-icons
[debug] [2025-01-01T18:30:24.519Z] [unzip] deflating: /Users/matteobuxman/.cache/firebase/emulators/ui-v1.14.0/client/assets/provider-icons/auth_service_phone.svg
[debug] [2025-01-01T18:30:24.520Z] [unzip] Entry: client/assets/provider-icons/auth_service_facebook.svg (compressed_size=289 bytes, uncompressed_size=457 bytes)
[debug] [2025-01-01T18:30:24.520Z] [unzip] Processing entry: client/assets/provider-icons/auth_service_facebook.svg
[debug] [2025-01-01T18:30:24.520Z] [unzip] else mkdir: /Users/matteobuxman/.cache/firebase/emulators/ui-v1.14.0/client/assets/provider-icons
[debug] [2025-01-01T18:30:24.520Z] [unzip] deflating: /Users/matteobuxman/.cache/firebase/emulators/ui-v1.14.0/client/assets/provider-icons/auth_service_facebook.svg
[debug] [2025-01-01T18:30:24.520Z] [unzip] Entry: client/assets/provider-icons/auth_service_game_center.svg (compressed_size=991 bytes, uncompressed_size=3921 bytes)
[debug] [2025-01-01T18:30:24.520Z] [unzip] Processing entry: client/assets/provider-icons/auth_service_game_center.svg
[debug] [2025-01-01T18:30:24.520Z] [unzip] else mkdir: /Users/matteobuxman/.cache/firebase/emulators/ui-v1.14.0/client/assets/provider-icons
[debug] [2025-01-01T18:30:24.520Z] [unzip] deflating: /Users/matteobuxman/.cache/firebase/emulators/ui-v1.14.0/client/assets/provider-icons/auth_service_game_center.svg
[debug] [2025-01-01T18:30:24.520Z] [unzip] Entry: client/assets/provider-icons/auth_service_apple.svg (compressed_size=230 bytes, uncompressed_size=334 bytes)
[debug] [2025-01-01T18:30:24.520Z] [unzip] Processing entry: client/assets/provider-icons/auth_service_apple.svg
[debug] [2025-01-01T18:30:24.520Z] [unzip] else mkdir: /Users/matteobuxman/.cache/firebase/emulators/ui-v1.14.0/client/assets/provider-icons
[debug] [2025-01-01T18:30:24.520Z] [unzip] deflating: /Users/matteobuxman/.cache/firebase/emulators/ui-v1.14.0/client/assets/provider-icons/auth_service_apple.svg
[debug] [2025-01-01T18:30:24.521Z] [unzip] Entry: client/assets/provider-icons/auth_service_github.svg (compressed_size=466 bytes, uncompressed_size=838 bytes)
[debug] [2025-01-01T18:30:24.521Z] [unzip] Processing entry: client/assets/provider-icons/auth_service_github.svg
[debug] [2025-01-01T18:30:24.521Z] [unzip] else mkdir: /Users/matteobuxman/.cache/firebase/emulators/ui-v1.14.0/client/assets/provider-icons
[debug] [2025-01-01T18:30:24.521Z] [unzip] deflating: /Users/matteobuxman/.cache/firebase/emulators/ui-v1.14.0/client/assets/provider-icons/auth_service_github.svg
[debug] [2025-01-01T18:30:24.521Z] [unzip] Entry: client/assets/provider-icons/auth_service_mslive.svg (compressed_size=203 bytes, uncompressed_size=378 bytes)
[debug] [2025-01-01T18:30:24.521Z] [unzip] Processing entry: client/assets/provider-icons/auth_service_mslive.svg
[debug] [2025-01-01T18:30:24.521Z] [unzip] else mkdir: /Users/matteobuxman/.cache/firebase/emulators/ui-v1.14.0/client/assets/provider-icons
[debug] [2025-01-01T18:30:24.521Z] [unzip] deflating: /Users/matteobuxman/.cache/firebase/emulators/ui-v1.14.0/client/assets/provider-icons/auth_service_mslive.svg
[debug] [2025-01-01T18:30:24.521Z] [unzip] Entry: client/assets/provider-icons/auth_service_yahoo.svg (compressed_size=577 bytes, uncompressed_size=1182 bytes)
[debug] [2025-01-01T18:30:24.521Z] [unzip] Processing entry: client/assets/provider-icons/auth_service_yahoo.svg
[debug] [2025-01-01T18:30:24.521Z] [unzip] else mkdir: /Users/matteobuxman/.cache/firebase/emulators/ui-v1.14.0/client/assets/provider-icons
[debug] [2025-01-01T18:30:24.521Z] [unzip] deflating: /Users/matteobuxman/.cache/firebase/emulators/ui-v1.14.0/client/assets/provider-icons/auth_service_yahoo.svg
[debug] [2025-01-01T18:30:24.522Z] [unzip] Entry: client/assets/provider-icons/auth_service_twitter.svg (compressed_size=444 bytes, uncompressed_size=751 bytes)
[debug] [2025-01-01T18:30:24.522Z] [unzip] Processing entry: client/assets/provider-icons/auth_service_twitter.svg
[debug] [2025-01-01T18:30:24.522Z] [unzip] else mkdir: /Users/matteobuxman/.cache/firebase/emulators/ui-v1.14.0/client/assets/provider-icons
[debug] [2025-01-01T18:30:24.522Z] [unzip] deflating: /Users/matteobuxman/.cache/firebase/emulators/ui-v1.14.0/client/assets/provider-icons/auth_service_twitter.svg
[debug] [2025-01-01T18:30:24.522Z] [unzip] Entry: client/assets/provider-icons/auth_service_play_games.svg (compressed_size=565 bytes, uncompressed_size=1173 bytes)
[debug] [2025-01-01T18:30:24.522Z] [unzip] Processing entry: client/assets/provider-icons/auth_service_play_games.svg
[debug] [2025-01-01T18:30:24.522Z] [unzip] else mkdir: /Users/matteobuxman/.cache/firebase/emulators/ui-v1.14.0/client/assets/provider-icons
[debug] [2025-01-01T18:30:24.522Z] [unzip] deflating: /Users/matteobuxman/.cache/firebase/emulators/ui-v1.14.0/client/assets/provider-icons/auth_service_play_games.svg
[debug] [2025-01-01T18:30:24.522Z] [unzip] Entry: client/assets/provider-icons/auth_service_email.svg (compressed_size=228 bytes, uncompressed_size=326 bytes)
[debug] [2025-01-01T18:30:24.522Z] [unzip] Processing entry: client/assets/provider-icons/auth_service_email.svg
[debug] [2025-01-01T18:30:24.522Z] [unzip] else mkdir: /Users/matteobuxman/.cache/firebase/emulators/ui-v1.14.0/client/assets/provider-icons
[debug] [2025-01-01T18:30:24.522Z] [unzip] deflating: /Users/matteobuxman/.cache/firebase/emulators/ui-v1.14.0/client/assets/provider-icons/auth_service_email.svg
[debug] [2025-01-01T18:30:24.523Z] [unzip] Entry: client/assets/provider-icons/auth_service_google.svg (compressed_size=409 bytes, uncompressed_size=720 bytes)
[debug] [2025-01-01T18:30:24.523Z] [unzip] Processing entry: client/assets/provider-icons/auth_service_google.svg
[debug] [2025-01-01T18:30:24.523Z] [unzip] else mkdir: /Users/matteobuxman/.cache/firebase/emulators/ui-v1.14.0/client/assets/provider-icons
[debug] [2025-01-01T18:30:24.523Z] [unzip] deflating: /Users/matteobuxman/.cache/firebase/emulators/ui-v1.14.0/client/assets/provider-icons/auth_service_google.svg
[debug] [2025-01-01T18:30:24.523Z] [unzip] Entry: client/assets/provider-icons/auth_service_oidc.svg (compressed_size=414 bytes, uncompressed_size=858 bytes)
[debug] [2025-01-01T18:30:24.523Z] [unzip] Processing entry: client/assets/provider-icons/auth_service_oidc.svg
[debug] [2025-01-01T18:30:24.523Z] [unzip] else mkdir: /Users/matteobuxman/.cache/firebase/emulators/ui-v1.14.0/client/assets/provider-icons
[debug] [2025-01-01T18:30:24.523Z] [unzip] deflating: /Users/matteobuxman/.cache/firebase/emulators/ui-v1.14.0/client/assets/provider-icons/auth_service_oidc.svg
[debug] [2025-01-01T18:30:24.523Z] [unzip] Entry: client/browserconfig.xml (compressed_size=491 bytes, uncompressed_size=822 bytes)
[debug] [2025-01-01T18:30:24.523Z] [unzip] Processing entry: client/browserconfig.xml
[debug] [2025-01-01T18:30:24.523Z] [unzip] else mkdir: /Users/matteobuxman/.cache/firebase/emulators/ui-v1.14.0/client
[debug] [2025-01-01T18:30:24.523Z] [unzip] deflating: /Users/matteobuxman/.cache/firebase/emulators/ui-v1.14.0/client/browserconfig.xml
[debug] [2025-01-01T18:30:24.523Z] [unzip] Entry: client/favicon-32x32.png (compressed_size=475 bytes, uncompressed_size=475 bytes)
[debug] [2025-01-01T18:30:24.523Z] [unzip] Processing entry: client/favicon-32x32.png
[debug] [2025-01-01T18:30:24.523Z] [unzip] else mkdir: /Users/matteobuxman/.cache/firebase/emulators/ui-v1.14.0/client
[debug] [2025-01-01T18:30:24.524Z] [unzip] Writing file: /Users/matteobuxman/.cache/firebase/emulators/ui-v1.14.0/client/favicon-32x32.png
[debug] [2025-01-01T18:30:24.524Z] [unzip] Entry: server/ (compressed_size=0 bytes, uncompressed_size=0 bytes)
[debug] [2025-01-01T18:30:24.524Z] [unzip] Processing entry: server/
[debug] [2025-01-01T18:30:24.524Z] [unzip] mkdir: /Users/matteobuxman/.cache/firebase/emulators/ui-v1.14.0/server/
[debug] [2025-01-01T18:30:24.524Z] [unzip] Entry: server/server.mjs.map (compressed_size=296496 bytes, uncompressed_size=1355667 bytes)
[debug] [2025-01-01T18:30:24.524Z] [unzip] Processing entry: server/server.mjs.map
[debug] [2025-01-01T18:30:24.524Z] [unzip] else mkdir: /Users/matteobuxman/.cache/firebase/emulators/ui-v1.14.0/server
[debug] [2025-01-01T18:30:24.524Z] [unzip] deflating: /Users/matteobuxman/.cache/firebase/emulators/ui-v1.14.0/server/server.mjs.map
[debug] [2025-01-01T18:30:24.528Z] [unzip] Entry: server/server.mjs (compressed_size=315701 bytes, uncompressed_size=1172682 bytes)
[debug] [2025-01-01T18:30:24.528Z] [unzip] Processing entry: server/server.mjs
[debug] [2025-01-01T18:30:24.528Z] [unzip] else mkdir: /Users/matteobuxman/.cache/firebase/emulators/ui-v1.14.0/server
[debug] [2025-01-01T18:30:24.528Z] [unzip] deflating: /Users/matteobuxman/.cache/firebase/emulators/ui-v1.14.0/server/server.mjs
[debug] [2025-01-01T18:30:24.532Z] [unzip] Entry: server/assets/ (compressed_size=0 bytes, uncompressed_size=0 bytes)
[debug] [2025-01-01T18:30:24.532Z] [unzip] Processing entry: server/assets/
[debug] [2025-01-01T18:30:24.532Z] [unzip] mkdir: /Users/matteobuxman/.cache/firebase/emulators/ui-v1.14.0/server/assets/
[debug] [2025-01-01T18:30:24.532Z] [unzip] Entry: server/assets/multipart-parser-DGCUZdXu.mjs.map (compressed_size=4791 bytes, uncompressed_size=17918 bytes)
[debug] [2025-01-01T18:30:24.532Z] [unzip] Processing entry: server/assets/multipart-parser-DGCUZdXu.mjs.map
[debug] [2025-01-01T18:30:24.532Z] [unzip] else mkdir: /Users/matteobuxman/.cache/firebase/emulators/ui-v1.14.0/server/assets
[debug] [2025-01-01T18:30:24.532Z] [unzip] deflating: /Users/matteobuxman/.cache/firebase/emulators/ui-v1.14.0/server/assets/multipart-parser-DGCUZdXu.mjs.map
[debug] [2025-01-01T18:30:24.533Z] [unzip] Entry: server/assets/multipart-parser-DGCUZdXu.mjs (compressed_size=2621 bytes, uncompressed_size=10390 bytes)
[debug] [2025-01-01T18:30:24.533Z] [unzip] Processing entry: server/assets/multipart-parser-DGCUZdXu.mjs
[debug] [2025-01-01T18:30:24.533Z] [unzip] else mkdir: /Users/matteobuxman/.cache/firebase/emulators/ui-v1.14.0/server/assets
[debug] [2025-01-01T18:30:24.533Z] [unzip] deflating: /Users/matteobuxman/.cache/firebase/emulators/ui-v1.14.0/server/assets/multipart-parser-DGCUZdXu.mjs
[info] i  ui: Removing outdated emulator files: ui-v1.7.0 {"metadata":{"emulator":{"name":"ui"},"message":"Removing outdated emulator files: ui-v1.7.0"}}
[info] i  ui: Removing outdated emulator files: ui-v1.7.0.zip {"metadata":{"emulator":{"name":"ui"},"message":"Removing outdated emulator files: ui-v1.7.0.zip"}}
[debug] [2025-01-01T18:30:24.541Z] [Extensions] Connecting Extensions emulator, this is a noop.
[info] i  functions: Watching "/Users/matteobuxman/Desktop/Code/one_more_meal/functions" for Cloud Functions... {"metadata":{"emulator":{"name":"functions"},"message":"Watching \"/Users/matteobuxman/Desktop/Code/one_more_meal/functions\" for Cloud Functions..."}}
[debug] [2025-01-01T18:30:24.545Z] Validating nodejs source
[debug] [2025-01-01T18:30:25.283Z] > [functions] package.json contents: {
  "name": "functions",
  "scripts": {
    "lint": "eslint --ext .js,.ts .",
    "build": "tsc",
    "build:watch": "tsc --watch",
    "serve": "npm run build && firebase emulators:start --only functions",
    "shell": "npm run build && firebase functions:shell",
    "start": "npm run shell",
    "deploy": "firebase deploy --only functions",
    "logs": "firebase functions:log"
  },
  "engines": {
    "node": "22"
  },
  "main": "lib/index.js",
  "dependencies": {
    "firebase-admin": "^12.6.0",
    "firebase-functions": "^6.0.1"
  },
  "devDependencies": {
    "@typescript-eslint/eslint-plugin": "^5.12.0",
    "@typescript-eslint/parser": "^5.12.0",
    "eslint": "^8.9.0",
    "eslint-config-google": "^0.14.0",
    "eslint-plugin-import": "^2.25.4",
    "firebase-functions-test": "^3.1.0",
    "typescript": "^4.9.0"
  },
  "private": true
}
[error] ⬢  functions: Failed to load function definition from source: FirebaseError: There was an error reading functions/package.json:

 functions/lib/index.js does not exist, can't deploy Cloud Functions {"metadata":{"emulator":{"name":"functions"},"message":"Failed to load function definition from source: FirebaseError: There was an error reading functions/package.json:\n\n functions/lib/index.js does not exist, can't deploy Cloud Functions"}}
[debug] [2025-01-01T18:30:25.288Z] Could not find VSCode notification endpoint: FetchError: request to http://localhost:40001/vscode/notify failed, reason: . If you are not running the Firebase Data Connect VSCode extension, this is expected and not an issue.
[info] 
┌─────────────────────────────────────────────────────────────┐
│ ✔  All emulators ready! It is now safe to connect your app. │
│ i  View Emulator UI at http://127.0.0.1:4000/               │
└─────────────────────────────────────────────────────────────┘

┌────────────────┬────────────────┬──────────────────────────────────┐
│ Emulator       │ Host:Port      │ View in Emulator UI              │
├────────────────┼────────────────┼──────────────────────────────────┤
│ Authentication │ 127.0.0.1:9099 │ http://127.0.0.1:4000/auth       │
├────────────────┼────────────────┼──────────────────────────────────┤
│ Functions      │ 127.0.0.1:5001 │ http://127.0.0.1:4000/functions  │
├────────────────┼────────────────┼──────────────────────────────────┤
│ Firestore      │ 127.0.0.1:8080 │ http://127.0.0.1:4000/firestore  │
├────────────────┼────────────────┼──────────────────────────────────┤
│ Extensions     │ 127.0.0.1:5001 │ http://127.0.0.1:4000/extensions │
└────────────────┴────────────────┴──────────────────────────────────┘
  Emulator Hub running at 127.0.0.1:4400
  Other reserved ports: 4500, 9150
┌─────────────────────────┬───────────────┬─────────────────────┐
│ Extension Instance Name │ Extension Ref │ View in Emulator UI │
└─────────────────────────┴───────────────┴─────────────────────┘
Issues? Report them at https://github.com/firebase/firebase-tools/issues and attach the *-debug.log files.
 
[debug] [2025-01-01T18:31:48.143Z] File /Users/matteobuxman/Desktop/Code/one_more_meal/functions/src/index.ts changed, reloading triggers {"metadata":{"emulator":{"name":"functions"},"message":"File /Users/matteobuxman/Desktop/Code/one_more_meal/functions/src/index.ts changed, reloading triggers"}}
[debug] [2025-01-01T18:31:49.146Z] Validating nodejs source
[debug] [2025-01-01T18:31:49.759Z] > [functions] package.json contents: {
  "name": "functions",
  "scripts": {
    "lint": "eslint --ext .js,.ts .",
    "build": "tsc",
    "build:watch": "tsc --watch",
    "serve": "npm run build && firebase emulators:start --only functions",
    "shell": "npm run build && firebase functions:shell",
    "start": "npm run shell",
    "deploy": "firebase deploy --only functions",
    "logs": "firebase functions:log"
  },
  "engines": {
    "node": "22"
  },
  "main": "lib/index.js",
  "dependencies": {
    "firebase-admin": "^12.6.0",
    "firebase-functions": "^6.0.1"
  },
  "devDependencies": {
    "@typescript-eslint/eslint-plugin": "^5.12.0",
    "@typescript-eslint/parser": "^5.12.0",
    "eslint": "^8.9.0",
    "eslint-config-google": "^0.14.0",
    "eslint-plugin-import": "^2.25.4",
    "firebase-functions-test": "^3.1.0",
    "typescript": "^4.9.0"
  },
  "private": true
}
[error] ⬢  functions: Failed to load function definition from source: FirebaseError: There was an error reading functions/package.json:

 functions/lib/index.js does not exist, can't deploy Cloud Functions {"metadata":{"emulator":{"name":"functions"},"message":"Failed to load function definition from source: FirebaseError: There was an error reading functions/package.json:\n\n functions/lib/index.js does not exist, can't deploy Cloud Functions"}}
[debug] [2025-01-01T18:32:16.005Z] File /Users/matteobuxman/Desktop/Code/one_more_meal/functions/src/index.ts changed, reloading triggers {"metadata":{"emulator":{"name":"functions"},"message":"File /Users/matteobuxman/Desktop/Code/one_more_meal/functions/src/index.ts changed, reloading triggers"}}
[debug] [2025-01-01T18:32:17.008Z] Validating nodejs source
[debug] [2025-01-01T18:32:17.534Z] > [functions] package.json contents: {
  "name": "functions",
  "scripts": {
    "lint": "eslint --ext .js,.ts .",
    "build": "tsc",
    "build:watch": "tsc --watch",
    "serve": "npm run build && firebase emulators:start --only functions",
    "shell": "npm run build && firebase functions:shell",
    "start": "npm run shell",
    "deploy": "firebase deploy --only functions",
    "logs": "firebase functions:log"
  },
  "engines": {
    "node": "22"
  },
  "main": "lib/index.js",
  "dependencies": {
    "firebase-admin": "^12.6.0",
    "firebase-functions": "^6.0.1"
  },
  "devDependencies": {
    "@typescript-eslint/eslint-plugin": "^5.12.0",
    "@typescript-eslint/parser": "^5.12.0",
    "eslint": "^8.9.0",
    "eslint-config-google": "^0.14.0",
    "eslint-plugin-import": "^2.25.4",
    "firebase-functions-test": "^3.1.0",
    "typescript": "^4.9.0"
  },
  "private": true
}
[error] ⬢  functions: Failed to load function definition from source: FirebaseError: There was an error reading functions/package.json:

 functions/lib/index.js does not exist, can't deploy Cloud Functions {"metadata":{"emulator":{"name":"functions"},"message":"Failed to load function definition from source: FirebaseError: There was an error reading functions/package.json:\n\n functions/lib/index.js does not exist, can't deploy Cloud Functions"}}
[debug] [2025-01-01T18:32:32.144Z] Jan 01, 2025 8:32:32 PM com.google.cloud.datastore.emulator.firestore.websocket.WebSocketChannelHandler initChannel
INFO: Connected to new websocket client
 {"metadata":{"emulator":{"name":"firestore"},"message":"Jan 01, 2025 8:32:32 PM com.google.cloud.datastore.emulator.firestore.websocket.WebSocketChannelHandler initChannel\nINFO: Connected to new websocket client\n"}}
[debug] [2025-01-01T18:32:38.373Z] Jan 01, 2025 8:32:38 PM com.google.cloud.datastore.emulator.firestore.websocket.WebSocketChannelHandler channelClosed
INFO: Websocket client disconnected
 {"metadata":{"emulator":{"name":"firestore"},"message":"Jan 01, 2025 8:32:38 PM com.google.cloud.datastore.emulator.firestore.websocket.WebSocketChannelHandler channelClosed\nINFO: Websocket client disconnected\n"}}
[debug] [2025-01-01T18:32:44.671Z] Jan 01, 2025 8:32:44 PM com.google.cloud.datastore.emulator.firestore.websocket.WebSocketChannelHandler initChannel
INFO: Connected to new websocket client
 {"metadata":{"emulator":{"name":"firestore"},"message":"Jan 01, 2025 8:32:44 PM com.google.cloud.datastore.emulator.firestore.websocket.WebSocketChannelHandler initChannel\nINFO: Connected to new websocket client\n"}}
[debug] [2025-01-01T19:00:28.502Z] Jan 01, 2025 9:00:28 PM io.gapi.emulators.netty.HttpVersionRoutingHandler channelRead
INFO: Detected non-HTTP/2 connection.
 {"metadata":{"emulator":{"name":"firestore"},"message":"Jan 01, 2025 9:00:28 PM io.gapi.emulators.netty.HttpVersionRoutingHandler channelRead\nINFO: Detected non-HTTP/2 connection.\n"}}
[debug] [2025-01-01T19:00:28.862Z] Jan 01, 2025 9:00:28 PM io.gapi.emulators.netty.HttpVersionRoutingHandler channelRead
INFO: Detected non-HTTP/2 connection.
 {"metadata":{"emulator":{"name":"firestore"},"message":"Jan 01, 2025 9:00:28 PM io.gapi.emulators.netty.HttpVersionRoutingHandler channelRead\nINFO: Detected non-HTTP/2 connection.\n"}}
[debug] [2025-01-01T19:00:28.875Z] Jan 01, 2025 9:00:28 PM io.gapi.emulators.netty.HttpVersionRoutingHandler channelRead
INFO: Detected non-HTTP/2 connection.
 {"metadata":{"emulator":{"name":"firestore"},"message":"Jan 01, 2025 9:00:28 PM io.gapi.emulators.netty.HttpVersionRoutingHandler channelRead\nINFO: Detected non-HTTP/2 connection.\n"}}
[debug] [2025-01-01T19:00:40.653Z] Jan 01, 2025 9:00:40 PM io.gapi.emulators.netty.HttpVersionRoutingHandler channelRead
INFO: Detected non-HTTP/2 connection.
 {"metadata":{"emulator":{"name":"firestore"},"message":"Jan 01, 2025 9:00:40 PM io.gapi.emulators.netty.HttpVersionRoutingHandler channelRead\nINFO: Detected non-HTTP/2 connection.\n"}}
[debug] [2025-01-01T19:00:40.728Z] Jan 01, 2025 9:00:40 PM io.gapi.emulators.netty.HttpVersionRoutingHandler channelRead
INFO: Detected non-HTTP/2 connection.
 {"metadata":{"emulator":{"name":"firestore"},"message":"Jan 01, 2025 9:00:40 PM io.gapi.emulators.netty.HttpVersionRoutingHandler channelRead\nINFO: Detected non-HTTP/2 connection.\n"}}
[debug] [2025-01-01T19:00:40.741Z] Jan 01, 2025 9:00:40 PM io.gapi.emulators.netty.HttpVersionRoutingHandler channelRead
INFO: Detected non-HTTP/2 connection.
 {"metadata":{"emulator":{"name":"firestore"},"message":"Jan 01, 2025 9:00:40 PM io.gapi.emulators.netty.HttpVersionRoutingHandler channelRead\nINFO: Detected non-HTTP/2 connection.\n"}}
[debug] [2025-01-01T19:00:47.251Z] Jan 01, 2025 9:00:47 PM io.gapi.emulators.netty.HttpVersionRoutingHandler channelRead
INFO: Detected non-HTTP/2 connection.
 {"metadata":{"emulator":{"name":"firestore"},"message":"Jan 01, 2025 9:00:47 PM io.gapi.emulators.netty.HttpVersionRoutingHandler channelRead\nINFO: Detected non-HTTP/2 connection.\n"}}
[debug] [2025-01-01T19:00:47.337Z] Jan 01, 2025 9:00:47 PM io.gapi.emulators.netty.HttpVersionRoutingHandler channelRead
INFO: Detected HTTP/2 connection.
 {"metadata":{"emulator":{"name":"firestore"},"message":"Jan 01, 2025 9:00:47 PM io.gapi.emulators.netty.HttpVersionRoutingHandler channelRead\nINFO: Detected HTTP/2 connection.\n"}}
[debug] [2025-01-01T19:00:47.413Z] Jan 01, 2025 9:00:47 PM io.gapi.emulators.netty.HttpVersionRoutingHandler channelRead
INFO: Detected non-HTTP/2 connection.
 {"metadata":{"emulator":{"name":"firestore"},"message":"Jan 01, 2025 9:00:47 PM io.gapi.emulators.netty.HttpVersionRoutingHandler channelRead\nINFO: Detected non-HTTP/2 connection.\n"}}
[debug] [2025-01-01T19:00:47.479Z] Jan 01, 2025 9:00:47 PM io.gapi.emulators.netty.HttpVersionRoutingHandler channelRead
INFO: Detected non-HTTP/2 connection.
 {"metadata":{"emulator":{"name":"firestore"},"message":"Jan 01, 2025 9:00:47 PM io.gapi.emulators.netty.HttpVersionRoutingHandler channelRead\nINFO: Detected non-HTTP/2 connection.\n"}}
[debug] [2025-01-01T19:00:47.551Z] Jan 01, 2025 9:00:47 PM io.gapi.emulators.netty.HttpVersionRoutingHandler channelRead
INFO: Detected non-HTTP/2 connection.
 {"metadata":{"emulator":{"name":"firestore"},"message":"Jan 01, 2025 9:00:47 PM io.gapi.emulators.netty.HttpVersionRoutingHandler channelRead\nINFO: Detected non-HTTP/2 connection.\n"}}
[debug] [2025-01-01T19:00:48.913Z] Jan 01, 2025 9:00:48 PM io.gapi.emulators.netty.HttpVersionRoutingHandler channelRead
INFO: Detected non-HTTP/2 connection.
 {"metadata":{"emulator":{"name":"firestore"},"message":"Jan 01, 2025 9:00:48 PM io.gapi.emulators.netty.HttpVersionRoutingHandler channelRead\nINFO: Detected non-HTTP/2 connection.\n"}}
[debug] [2025-01-01T19:00:56.203Z] Jan 01, 2025 9:00:56 PM io.gapi.emulators.netty.HttpVersionRoutingHandler channelRead
INFO: Detected non-HTTP/2 connection.
 {"metadata":{"emulator":{"name":"firestore"},"message":"Jan 01, 2025 9:00:56 PM io.gapi.emulators.netty.HttpVersionRoutingHandler channelRead\nINFO: Detected non-HTTP/2 connection.\n"}}
[debug] [2025-01-01T19:00:56.204Z] Jan 01, 2025 9:00:56 PM io.gapi.emulators.netty.HttpVersionRoutingHandler channelRead
INFO: Detected non-HTTP/2 connection.
 {"metadata":{"emulator":{"name":"firestore"},"message":"Jan 01, 2025 9:00:56 PM io.gapi.emulators.netty.HttpVersionRoutingHandler channelRead\nINFO: Detected non-HTTP/2 connection.\n"}}
[debug] [2025-01-01T19:00:57.121Z] Jan 01, 2025 9:00:57 PM io.gapi.emulators.netty.HttpVersionRoutingHandler channelRead
INFO: Detected non-HTTP/2 connection.
 {"metadata":{"emulator":{"name":"firestore"},"message":"Jan 01, 2025 9:00:57 PM io.gapi.emulators.netty.HttpVersionRoutingHandler channelRead\nINFO: Detected non-HTTP/2 connection.\n"}}
[debug] [2025-01-01T19:00:57.203Z] Jan 01, 2025 9:00:57 PM io.gapi.emulators.netty.HttpVersionRoutingHandler channelRead
INFO: Detected non-HTTP/2 connection.
 {"metadata":{"emulator":{"name":"firestore"},"message":"Jan 01, 2025 9:00:57 PM io.gapi.emulators.netty.HttpVersionRoutingHandler channelRead\nINFO: Detected non-HTTP/2 connection.\n"}}
[debug] [2025-01-01T19:00:57.223Z] Jan 01, 2025 9:00:57 PM io.gapi.emulators.netty.HttpVersionRoutingHandler channelRead
INFO: Detected non-HTTP/2 connection.
 {"metadata":{"emulator":{"name":"firestore"},"message":"Jan 01, 2025 9:00:57 PM io.gapi.emulators.netty.HttpVersionRoutingHandler channelRead\nINFO: Detected non-HTTP/2 connection.\n"}}
[debug] [2025-01-01T19:00:58.651Z] Jan 01, 2025 9:00:58 PM io.gapi.emulators.netty.HttpVersionRoutingHandler channelRead
INFO: Detected non-HTTP/2 connection.
 {"metadata":{"emulator":{"name":"firestore"},"message":"Jan 01, 2025 9:00:58 PM io.gapi.emulators.netty.HttpVersionRoutingHandler channelRead\nINFO: Detected non-HTTP/2 connection.\n"}}
[debug] [2025-01-01T19:01:36.421Z] Jan 01, 2025 9:01:36 PM io.gapi.emulators.netty.HttpVersionRoutingHandler channelRead
INFO: Detected non-HTTP/2 connection.
 {"metadata":{"emulator":{"name":"firestore"},"message":"Jan 01, 2025 9:01:36 PM io.gapi.emulators.netty.HttpVersionRoutingHandler channelRead\nINFO: Detected non-HTTP/2 connection.\n"}}
[debug] [2025-01-01T19:02:34.256Z] Jan 01, 2025 9:02:34 PM io.gapi.emulators.netty.HttpVersionRoutingHandler channelRead
INFO: Detected non-HTTP/2 connection.
 {"metadata":{"emulator":{"name":"firestore"},"message":"Jan 01, 2025 9:02:34 PM io.gapi.emulators.netty.HttpVersionRoutingHandler channelRead\nINFO: Detected non-HTTP/2 connection.\n"}}
[debug] [2025-01-01T19:02:34.320Z] Jan 01, 2025 9:02:34 PM io.gapi.emulators.netty.HttpVersionRoutingHandler channelRead
INFO: Detected non-HTTP/2 connection.
 {"metadata":{"emulator":{"name":"firestore"},"message":"Jan 01, 2025 9:02:34 PM io.gapi.emulators.netty.HttpVersionRoutingHandler channelRead\nINFO: Detected non-HTTP/2 connection.\n"}}
[debug] [2025-01-01T19:02:34.325Z] Jan 01, 2025 9:02:34 PM io.gapi.emulators.netty.HttpVersionRoutingHandler channelRead
INFO: Detected non-HTTP/2 connection.
 {"metadata":{"emulator":{"name":"firestore"},"message":"Jan 01, 2025 9:02:34 PM io.gapi.emulators.netty.HttpVersionRoutingHandler channelRead\nINFO: Detected non-HTTP/2 connection.\n"}}
[debug] [2025-01-01T19:02:34.334Z] Jan 01, 2025 9:02:34 PM io.gapi.emulators.netty.HttpVersionRoutingHandler channelRead
INFO: Detected non-HTTP/2 connection.
 {"metadata":{"emulator":{"name":"firestore"},"message":"Jan 01, 2025 9:02:34 PM io.gapi.emulators.netty.HttpVersionRoutingHandler channelRead\nINFO: Detected non-HTTP/2 connection.\n"}}
[debug] [2025-01-01T19:02:35.626Z] Jan 01, 2025 9:02:35 PM io.gapi.emulators.netty.HttpVersionRoutingHandler channelRead
INFO: Detected non-HTTP/2 connection.
 {"metadata":{"emulator":{"name":"firestore"},"message":"Jan 01, 2025 9:02:35 PM io.gapi.emulators.netty.HttpVersionRoutingHandler channelRead\nINFO: Detected non-HTTP/2 connection.\n"}}
[debug] [2025-01-01T19:02:35.695Z] Jan 01, 2025 9:02:35 PM io.gapi.emulators.netty.HttpVersionRoutingHandler channelRead
INFO: Detected non-HTTP/2 connection.
 {"metadata":{"emulator":{"name":"firestore"},"message":"Jan 01, 2025 9:02:35 PM io.gapi.emulators.netty.HttpVersionRoutingHandler channelRead\nINFO: Detected non-HTTP/2 connection.\n"}}
[debug] [2025-01-01T19:02:35.707Z] Jan 01, 2025 9:02:35 PM io.gapi.emulators.netty.HttpVersionRoutingHandler channelRead
INFO: Detected non-HTTP/2 connection.
 {"metadata":{"emulator":{"name":"firestore"},"message":"Jan 01, 2025 9:02:35 PM io.gapi.emulators.netty.HttpVersionRoutingHandler channelRead\nINFO: Detected non-HTTP/2 connection.\n"}}
[debug] [2025-01-01T19:02:42.333Z] Jan 01, 2025 9:02:42 PM io.gapi.emulators.netty.HttpVersionRoutingHandler channelRead
INFO: Detected non-HTTP/2 connection.
 {"metadata":{"emulator":{"name":"firestore"},"message":"Jan 01, 2025 9:02:42 PM io.gapi.emulators.netty.HttpVersionRoutingHandler channelRead\nINFO: Detected non-HTTP/2 connection.\n"}}
[debug] [2025-01-01T19:02:42.341Z] Jan 01, 2025 9:02:42 PM io.gapi.emulators.netty.HttpVersionRoutingHandler channelRead
INFO: Detected non-HTTP/2 connection.
 {"metadata":{"emulator":{"name":"firestore"},"message":"Jan 01, 2025 9:02:42 PM io.gapi.emulators.netty.HttpVersionRoutingHandler channelRead\nINFO: Detected non-HTTP/2 connection.\n"}}
[debug] [2025-01-01T19:02:46.724Z] Jan 01, 2025 9:02:46 PM io.gapi.emulators.netty.HttpVersionRoutingHandler channelRead
INFO: Detected non-HTTP/2 connection.
 {"metadata":{"emulator":{"name":"firestore"},"message":"Jan 01, 2025 9:02:46 PM io.gapi.emulators.netty.HttpVersionRoutingHandler channelRead\nINFO: Detected non-HTTP/2 connection.\n"}}
[debug] [2025-01-01T19:02:46.789Z] Jan 01, 2025 9:02:46 PM io.gapi.emulators.netty.HttpVersionRoutingHandler channelRead
INFO: Detected non-HTTP/2 connection.
 {"metadata":{"emulator":{"name":"firestore"},"message":"Jan 01, 2025 9:02:46 PM io.gapi.emulators.netty.HttpVersionRoutingHandler channelRead\nINFO: Detected non-HTTP/2 connection.\n"}}
[debug] [2025-01-01T19:02:46.799Z] Jan 01, 2025 9:02:46 PM io.gapi.emulators.netty.HttpVersionRoutingHandler channelRead
INFO: Detected non-HTTP/2 connection.
 {"metadata":{"emulator":{"name":"firestore"},"message":"Jan 01, 2025 9:02:46 PM io.gapi.emulators.netty.HttpVersionRoutingHandler channelRead\nINFO: Detected non-HTTP/2 connection.\n"}}
[debug] [2025-01-01T19:02:47.987Z] Jan 01, 2025 9:02:47 PM io.gapi.emulators.netty.HttpVersionRoutingHandler channelRead
INFO: Detected non-HTTP/2 connection.
 {"metadata":{"emulator":{"name":"firestore"},"message":"Jan 01, 2025 9:02:47 PM io.gapi.emulators.netty.HttpVersionRoutingHandler channelRead\nINFO: Detected non-HTTP/2 connection.\n"}}
[debug] [2025-01-01T19:03:42.000Z] Jan 01, 2025 9:03:41 PM io.gapi.emulators.netty.HttpVersionRoutingHandler channelRead
INFO: Detected non-HTTP/2 connection.
 {"metadata":{"emulator":{"name":"firestore"},"message":"Jan 01, 2025 9:03:41 PM io.gapi.emulators.netty.HttpVersionRoutingHandler channelRead\nINFO: Detected non-HTTP/2 connection.\n"}}
[debug] [2025-01-01T19:03:46.832Z] Jan 01, 2025 9:03:46 PM io.gapi.emulators.netty.HttpVersionRoutingHandler channelRead
INFO: Detected non-HTTP/2 connection.
 {"metadata":{"emulator":{"name":"firestore"},"message":"Jan 01, 2025 9:03:46 PM io.gapi.emulators.netty.HttpVersionRoutingHandler channelRead\nINFO: Detected non-HTTP/2 connection.\n"}}
[debug] [2025-01-01T19:03:46.855Z] Jan 01, 2025 9:03:46 PM com.google.cloud.datastore.emulator.firestore.webchannel.FirestoreV1WebChannelAdapter$FirestoreWriteHandler onClose
INFO: channel closed
 {"metadata":{"emulator":{"name":"firestore"},"message":"Jan 01, 2025 9:03:46 PM com.google.cloud.datastore.emulator.firestore.webchannel.FirestoreV1WebChannelAdapter$FirestoreWriteHandler onClose\nINFO: channel closed\n"}}
[debug] [2025-01-01T19:04:35.091Z] Jan 01, 2025 9:04:35 PM io.gapi.emulators.netty.HttpVersionRoutingHandler channelRead
INFO: Detected non-HTTP/2 connection.
 {"metadata":{"emulator":{"name":"firestore"},"message":"Jan 01, 2025 9:04:35 PM io.gapi.emulators.netty.HttpVersionRoutingHandler channelRead\nINFO: Detected non-HTTP/2 connection.\n"}}
[debug] [2025-01-01T19:04:35.095Z] Jan 01, 2025 9:04:35 PM com.google.cloud.datastore.emulator.firestore.webchannel.FirestoreV1WebChannelAdapter$FirestoreListenHandler onClose
INFO: channel closed
 {"metadata":{"emulator":{"name":"firestore"},"message":"Jan 01, 2025 9:04:35 PM com.google.cloud.datastore.emulator.firestore.webchannel.FirestoreV1WebChannelAdapter$FirestoreListenHandler onClose\nINFO: channel closed\n"}}
[debug] [2025-01-01T19:05:34.020Z] >>> [apiv2][query] POST http://127.0.0.1:5001/functions/projects/onemoremeal-7b0a9/trigger_multicast [none]
[debug] [2025-01-01T19:05:34.021Z] >>> [apiv2][body] POST http://127.0.0.1:5001/functions/projects/onemoremeal-7b0a9/trigger_multicast {"eventId":"40b1925e-943b-4db0-8f19-361389418142","eventType":"providers/firebase.auth/eventTypes/user.create","resource":{"name":"projects/onemoremeal-7b0a9","service":"firebaseauth.googleapis.com"},"params":{},"timestamp":"2025-01-01T19:05:34.019Z","data":{"uid":"lXBHaMmIqs5UC11ymLT1xgTdg9lA","email":"buxmanm@icloud.com","emailVerified":false,"displayName":"Matteo Buxman","photoURL":"","metadata":{"creationTime":"2025-01-01T19:05:34.016Z","lastSignInTime":"2025-01-01T19:05:34.016Z"},"customClaims":{},"providerData":[{"providerId":"password","email":"buxmanm@icloud.com","federatedId":"buxmanm@icloud.com","rawId":"buxmanm@icloud.com","displayName":"Matteo Buxman","photoUrl":""}],"mfaInfo":[]}}
[debug] [2025-01-01T19:05:34.028Z] <<< [apiv2][status] POST http://127.0.0.1:5001/functions/projects/onemoremeal-7b0a9/trigger_multicast 200
[debug] [2025-01-01T19:05:34.028Z] <<< [apiv2][body] POST http://127.0.0.1:5001/functions/projects/onemoremeal-7b0a9/trigger_multicast {"status":"multicast_acknowledged"}
